SF:lib/src/meta_weather_api_client.dart
DA:24,1
DA:25,1
DA:31,1
DA:32,1
DA:35,1
DA:38,3
DA:40,2
DA:41,1
DA:44,2
DA:46,1
DA:47,1
DA:50,2
DA:54,1
DA:55,2
DA:56,3
DA:58,2
DA:59,1
DA:62,2
DA:64,1
DA:65,1
DA:68,1
DA:70,1
DA:71,1
DA:74,2
LF:24
LH:24
end_of_record
SF:lib/src/models/location.dart
DA:14,4
DA:25,1
DA:32,2
DA:33,2
DA:42,1
DA:49,8
DA:51,0
DA:53,0
DA:56,1
DA:58,1
DA:59,1
DA:60,2
DA:61,2
LF:13
LH:11
end_of_record
SF:lib/src/models/location.g.dart
DA:11,4
DA:14,2
DA:15,1
DA:16,4
DA:17,2
DA:18,4
DA:19,1
DA:20,2
DA:21,2
LF:9
LH:9
end_of_record
SF:lib/src/models/weather.dart
DA:25,4
DA:39,2
DA:42,4
DA:56,2
DA:64,2
DA:65,2
LF:6
LH:6
end_of_record
SF:lib/src/models/weather.g.dart
DA:11,4
DA:14,2
DA:15,2
DA:16,4
DA:18,4
DA:19,2
DA:21,4
DA:23,2
DA:25,4
DA:28,6
DA:29,2
DA:30,4
DA:31,6
DA:32,6
DA:33,6
DA:35,6
DA:37,6
DA:39,6
DA:40,4
DA:42,6
DA:43,4
LF:21
LH:21
end_of_record
