SF:lib/theme/theme_cubit.dart
DA:7,2
DA:11,1
DA:13,2
DA:17,1
DA:19,3
DA:22,1
DA:24,3
DA:29,1
DA:30,1
DA:31,1
DA:33,1
DA:35,1
DA:37,1
LF:13
LH:13
end_of_record
SF:lib/models/weather.dart
DA:9,3
DA:12,2
DA:14,2
DA:19,3
DA:23,1
DA:24,1
DA:26,2
DA:28,1
DA:29,2
DA:34,1
DA:46,3
DA:48,1
DA:53,1
DA:54,1
DA:56,2
DA:58,1
DA:59,1
DA:60,1
DA:61,1
DA:62,2
DA:63,1
DA:66,1
DA:67,5
DA:69,1
DA:75,1
DA:76,1
DA:77,1
DA:78,1
DA:79,0
LF:29
LH:28
end_of_record
SF:lib/models/weather.g.dart
DA:9,2
DA:12,1
DA:13,1
DA:14,3
DA:20,1
DA:21,1
DA:22,1
DA:25,2
DA:28,1
DA:29,1
DA:30,1
DA:31,2
DA:32,1
DA:33,2
DA:34,2
DA:35,1
DA:36,2
DA:43,2
DA:44,2
DA:45,2
DA:46,1
DA:47,2
LF:22
LH:22
end_of_record
SF:lib/weather/weather_state.dart
DA:3,2
DA:6,0
DA:8,0
DA:10,2
DA:12,0
DA:18,1
DA:22,1
DA:28,1
DA:29,1
DA:31,2
DA:33,1
DA:34,4
DA:36,1
DA:41,1
DA:42,1
DA:43,1
DA:44,1
LF:17
LH:14
end_of_record
SF:lib/weather/weather_cubit.g.dart
DA:9,1
DA:10,1
DA:13,1
DA:14,1
DA:15,1
DA:17,1
DA:18,1
DA:20,1
DA:22,1
DA:23,1
DA:25,1
DA:27,1
DA:29,1
DA:36,1
DA:37,1
DA:38,2
DA:39,2
DA:40,2
LF:18
LH:18
end_of_record
SF:lib/weather/weather_cubit.dart
DA:13,3
DA:17,1
DA:18,1
DA:22,3
DA:26,4
DA:27,2
DA:28,1
DA:29,3
DA:30,2
DA:32,1
DA:33,2
DA:36,2
DA:38,1
DA:39,3
DA:43,1
DA:44,3
DA:45,4
DA:48,1
DA:49,6
DA:50,2
DA:51,1
DA:52,3
DA:53,2
DA:55,3
DA:58,2
DA:59,1
DA:60,2
DA:64,1
DA:65,3
DA:69,3
DA:70,3
DA:74,2
DA:75,2
DA:76,1
DA:77,3
DA:78,3
DA:79,3
DA:81,2
DA:85,1
DA:87,1
DA:89,1
DA:90,1
DA:94,4
DA:96,4
LF:44
LH:44
end_of_record
