SF:lib/theme/theme_cubit.dart
DA:7,2
DA:11,1
DA:13,2
DA:17,1
DA:19,3
DA:22,1
DA:24,3
DA:29,1
DA:30,1
DA:31,1
DA:33,1
DA:35,1
DA:37,1
LF:13
LH:13
end_of_record
SF:lib/models/weather.dart
DA:9,4
DA:12,2
DA:14,4
DA:19,5
DA:23,2
DA:24,2
DA:26,4
DA:28,1
DA:29,2
DA:34,2
DA:46,6
DA:48,2
DA:53,2
DA:54,2
DA:56,4
DA:58,1
DA:59,1
DA:60,1
DA:61,1
DA:62,2
DA:63,1
DA:66,1
DA:67,5
DA:69,1
DA:75,1
DA:76,1
DA:77,1
DA:78,1
DA:79,0
LF:29
LH:28
end_of_record
SF:lib/models/weather.g.dart
DA:9,4
DA:12,2
DA:13,2
DA:14,6
DA:20,2
DA:21,2
DA:22,2
DA:25,4
DA:28,2
DA:29,2
DA:30,2
DA:31,4
DA:32,2
DA:33,4
DA:34,4
DA:35,2
DA:36,4
DA:43,4
DA:44,4
DA:45,4
DA:46,2
DA:47,4
LF:22
LH:22
end_of_record
SF:lib/weather/weather_state.dart
DA:3,3
DA:6,0
DA:8,0
DA:10,4
DA:12,0
DA:18,2
DA:22,2
DA:28,2
DA:29,2
DA:31,4
DA:33,1
DA:34,4
DA:36,1
DA:41,1
DA:42,1
DA:43,1
DA:44,1
LF:17
LH:14
end_of_record
SF:lib/weather/weather_cubit.g.dart
DA:9,2
DA:10,2
DA:13,2
DA:14,2
DA:15,2
DA:17,2
DA:18,2
DA:20,2
DA:22,2
DA:23,2
DA:25,2
DA:27,2
DA:29,2
DA:36,2
DA:37,2
DA:38,4
DA:39,4
DA:40,4
LF:18
LH:18
end_of_record
SF:lib/weather/weather_cubit.dart
DA:13,6
DA:17,1
DA:18,1
DA:22,3
DA:26,4
DA:27,2
DA:28,1
DA:29,3
DA:30,2
DA:32,1
DA:33,2
DA:36,2
DA:38,1
DA:39,3
DA:43,1
DA:44,3
DA:45,4
DA:48,1
DA:49,6
DA:50,2
DA:51,1
DA:52,3
DA:53,2
DA:55,3
DA:58,2
DA:59,1
DA:60,2
DA:64,1
DA:65,3
DA:69,3
DA:70,3
DA:74,2
DA:75,2
DA:76,1
DA:77,3
DA:78,3
DA:79,3
DA:81,2
DA:85,2
DA:87,2
DA:89,2
DA:90,2
DA:94,4
DA:96,4
LF:44
LH:44
end_of_record
SF:lib/view/search_page.dart
DA:4,2
DA:6,1
DA:7,3
DA:10,1
DA:11,1
DA:17,3
DA:19,1
DA:21,2
DA:22,1
DA:25,1
DA:27,1
DA:28,1
DA:29,1
DA:31,1
DA:32,1
DA:33,1
DA:34,1
DA:35,1
DA:36,1
DA:37,1
DA:39,1
DA:42,1
DA:43,1
DA:44,4
DA:45,1
LF:25
LH:25
end_of_record
SF:lib/view/settings_page.dart
DA:7,1
DA:8,1
DA:9,2
DA:11,1
DA:16,1
DA:18,1
DA:19,2
DA:20,1
DA:21,1
DA:22,1
DA:23,0
DA:24,1
DA:25,1
DA:26,1
DA:28,1
DA:29,1
DA:30,2
DA:31,0
LF:18
LH:16
end_of_record
SF:lib/view/weather_page.dart
DA:13,1
DA:15,1
DA:16,3
DA:17,1
DA:23,1
DA:25,1
DA:26,1
DA:28,1
DA:29,1
DA:31,1
DA:32,1
DA:33,3
DA:38,1
DA:39,1
DA:40,1
DA:41,2
DA:42,3
DA:45,1
DA:46,1
DA:47,1
DA:48,1
DA:49,1
DA:50,1
DA:51,1
DA:52,1
DA:53,1
DA:54,1
DA:55,1
DA:56,2
DA:58,1
DA:59,1
DA:61,0
DA:66,1
DA:68,1
DA:69,4
DA:70,3
LF:36
LH:35
end_of_record
SF:lib/view/weather_widget.dart
DA:8,2
DA:10,1
DA:12,1
DA:13,1
DA:16,1
DA:21,1
DA:23,2
DA:32,2
DA:34,1
DA:36,1
DA:37,1
DA:40,1
DA:45,1
DA:47,2
DA:56,2
DA:58,1
DA:60,1
DA:61,1
DA:64,1
DA:66,1
DA:68,2
DA:70,1
DA:71,1
DA:72,1
DA:80,1
DA:85,1
DA:91,1
DA:93,1
DA:94,1
DA:95,1
DA:96,1
DA:97,1
DA:98,1
DA:99,1
DA:102,1
DA:103,1
DA:105,1
DA:109,3
DA:110,1
DA:111,2
DA:112,2
DA:113,1
DA:115,1
DA:116,3
DA:117,2
DA:118,1
DA:120,6
DA:132,2
DA:137,1
DA:139,4
DA:144,1
DA:146,1
DA:148,1
DA:150,1
DA:152,0
DA:163,1
DA:165,2
DA:166,1
DA:167,1
DA:168,1
DA:171,1
DA:172,1
DA:174,1
DA:175,1
DA:176,1
DA:185,1
DA:186,3
DA:187,1
DA:188,1
DA:189,1
DA:190,6
DA:191,6
DA:192,6
DA:199,1
DA:200,4
DA:202,1
LF:76
LH:75
end_of_record
